<?xml version="1.0" encoding="UTF-8"?>
<!-- Generated by org.testng.reporters.JUnitReportReporter -->
<testsuite hostname="DESKTOP-MULO6UQ" failures="0" tests="1" name="com.selenium.basic.firstSeleniumTest" time="20.042" errors="0" timestamp="2020-10-08T17:49:03 IST" skipped="0">
  <testcase classname="com.selenium.basic.firstSeleniumTest" name="test1" time="20.042"/>
  <system-out/>
</testsuite> <!-- com.selenium.basic.firstSeleniumTest -->
